ISim log file
Running: C:\Victory_427\Space_Invaders_Lab_4\pcores\dma_screencap_v1_00_a\devl\projnav\user_logic_isim_beh.exe -intstyle ise -gui -tclbatch isim.cmd -wdb C:/Victory_427/Space_Invaders_Lab_4/pcores/dma_screencap_v1_00_a/devl/projnav/user_logic_isim_beh.wdb 
ISim O.87xd (signature 0xc3576ebc)
This is a Full version of ISim.
Time resolution is 1 ps
# onerror resume
# wave add /
# run 1000 ns
Simulator is doing circuit initialization process.
at 0 ps, Instance /user_logic/ : Warning: There is an 'U'|'X'|'W'|'Z'|'-' in an arithmetic operand, the result will be 'X'(es).
at 0 ps, Instance /user_logic/DATA_CAPTURE_FIFO_I/I_SRL_FIFO_RBU_F/DYNSHREG_F_I/ : Warning: NUMERIC_STD.TO_INTEGER: metavalue detected, returning 0
at 0 ps, Instance /user_logic/DATA_CAPTURE_FIFO_I/I_SRL_FIFO_RBU_F/DYNSHREG_F_I/ : Warning: NUMERIC_STD.TO_INTEGER: metavalue detected, returning 0
Finished circuit initialization process.
# source simulation.tcl
Simulator is doing circuit initialization process.
at 0 ps, Instance /user_logic/DATA_CAPTURE_FIFO_I/I_SRL_FIFO_RBU_F/DYNSHREG_F_I/ : Warning: NUMERIC_STD.TO_INTEGER: metavalue detected, returning 0
at 0 ps, Instance /user_logic/DATA_CAPTURE_FIFO_I/I_SRL_FIFO_RBU_F/DYNSHREG_F_I/ : Warning: NUMERIC_STD.TO_INTEGER: metavalue detected, returning 0
Finished circuit initialization process.
at 10 ns(2), Instance /user_logic/DATA_CAPTURE_FIFO_I/I_SRL_FIFO_RBU_F/DYNSHREG_F_I/ : Warning: NUMERIC_STD.TO_INTEGER: metavalue detected, returning 0
at 10 ns(2), Instance /user_logic/DATA_CAPTURE_FIFO_I/I_SRL_FIFO_RBU_F/DYNSHREG_F_I/ : Warning: NUMERIC_STD.TO_INTEGER: metavalue detected, returning 0
