C:\Victory\lab3\implementation\system.ngc 1411691191
C:/Victory/lab3/implementation/rs232_uart_1_wrapper.ngc 1411691133
C:/Victory/lab3/implementation/proc_sys_reset_0_wrapper.ngc 1411691133
C:/Victory/lab3/implementation/clock_generator_0_wrapper.ngc 1411691162
C:/Victory/lab3/implementation/axi_hdmi_0_wrapper.ngc 1411691133
C:/Victory/lab3/implementation/axi_ac97_0_wrapper.ngc 1411691156
C:/Victory/lab3/implementation/microblaze_0_ilmb_wrapper.ngc 1411691133
C:/Victory/lab3/implementation/microblaze_0_dlmb_wrapper.ngc 1411691133
C:/Victory/lab3/implementation/mcb_ddr2_wrapper.ngc 1411691133
C:/Victory/lab3/implementation/axi4lite_0_wrapper.ngc 1411691133
C:/Victory/lab3/implementation/axi4_0_wrapper.ngc 1411691133
C:/Victory/lab3/implementation/microblaze_0_wrapper.ngc 1411691133
C:/Victory/lab3/implementation/axi_vdma_0_wrapper.ngc 1411691133
C:/Victory/lab3/implementation/microblaze_0_i_bram_ctrl_wrapper.ngc 1411691133
C:/Victory/lab3/implementation/microblaze_0_d_bram_ctrl_wrapper.ngc 1411691133
C:/Victory/lab3/implementation/debug_module_wrapper.ngc 1411691133
C:/Victory/lab3/implementation/digilent_quadspi_cntlr_wrapper.ngc 1411691133
C:/Victory/lab3/implementation/axi_intc_0_wrapper.ngc 1411691133
C:/Victory/lab3/implementation/axi_timer_0_wrapper.ngc 1411691133
C:/Victory/lab3/implementation/microblaze_0_bram_block_wrapper.ngc 1411691133
OK
